2024-06-21 17:08:03.833 [background-preinit] INFO  o.h.validator.internal.util.Version - HV000001: Hibernate Validator 8.0.1.Final
2024-06-21 17:08:03.893 [restartedMain] INFO  e.c.ClassTrackSpringBootRestApiApplication - Starting ClassTrackSpringBootRestApiApplication using Java 21.0.2 with PID 8968 (I:\GITHUB\Projects\ClassTrack-SpringBoot-RestAPI\target\classes started by biraj in I:\GITHUB\Projects\ClassTrack-SpringBoot-RestAPI)
2024-06-21 17:08:03.894 [restartedMain] INFO  e.c.ClassTrackSpringBootRestApiApplication - No active profile set, falling back to 1 default profile: "default"
2024-06-21 17:08:03.957 [restartedMain] INFO  o.s.b.d.e.DevToolsPropertyDefaultsPostProcessor - Devtools property defaults active! Set 'spring.devtools.add-properties' to 'false' to disable
2024-06-21 17:08:03.957 [restartedMain] INFO  o.s.b.d.e.DevToolsPropertyDefaultsPostProcessor - For additional web related logging consider setting the 'logging.level.web' property to 'DEBUG'
2024-06-21 17:08:05.468 [restartedMain] INFO  o.s.d.r.c.RepositoryConfigurationDelegate - Bootstrapping Spring Data JPA repositories in DEFAULT mode.
2024-06-21 17:08:05.543 [restartedMain] INFO  o.s.d.r.c.RepositoryConfigurationDelegate - Finished Spring Data repository scanning in 68 ms. Found 7 JPA repository interfaces.
2024-06-21 17:08:06.454 [restartedMain] INFO  o.s.b.w.e.tomcat.TomcatWebServer - Tomcat initialized with port 8080 (http)
2024-06-21 17:08:06.465 [restartedMain] INFO  o.a.coyote.http11.Http11NioProtocol - Initializing ProtocolHandler ["http-nio-8080"]
2024-06-21 17:08:06.467 [restartedMain] INFO  o.a.catalina.core.StandardService - Starting service [Tomcat]
2024-06-21 17:08:06.467 [restartedMain] INFO  o.a.catalina.core.StandardEngine - Starting Servlet engine: [Apache Tomcat/10.1.24]
2024-06-21 17:08:06.517 [restartedMain] INFO  o.a.c.c.C.[Tomcat].[localhost].[/] - Initializing Spring embedded WebApplicationContext
2024-06-21 17:08:06.518 [restartedMain] INFO  o.s.b.w.s.c.ServletWebServerApplicationContext - Root WebApplicationContext: initialization completed in 2559 ms
2024-06-21 17:08:06.669 [restartedMain] INFO  com.zaxxer.hikari.HikariDataSource - HikariPool-1 - Starting...
2024-06-21 17:08:06.863 [restartedMain] INFO  com.zaxxer.hikari.pool.HikariPool - HikariPool-1 - Added connection conn0: url=jdbc:h2:mem:classtrack user=SA
2024-06-21 17:08:06.864 [restartedMain] INFO  com.zaxxer.hikari.HikariDataSource - HikariPool-1 - Start completed.
2024-06-21 17:08:06.872 [restartedMain] INFO  o.s.b.a.h.H2ConsoleAutoConfiguration - H2 console available at '/h2-console'. Database available at 'jdbc:h2:mem:classtrack'
2024-06-21 17:08:07.163 [restartedMain] INFO  o.h.jpa.internal.util.LogHelper - HHH000204: Processing PersistenceUnitInfo [name: default]
2024-06-21 17:08:07.235 [restartedMain] INFO  org.hibernate.Version - HHH000412: Hibernate ORM core version 6.5.2.Final
2024-06-21 17:08:07.272 [restartedMain] INFO  o.h.c.i.RegionFactoryInitiator - HHH000026: Second-level cache disabled
2024-06-21 17:08:07.598 [restartedMain] INFO  o.s.o.j.p.SpringPersistenceUnitInfo - No LoadTimeWeaver setup: ignoring JPA class transformer
2024-06-21 17:08:07.653 [restartedMain] WARN  org.hibernate.orm.deprecation - HHH90000025: H2Dialect does not need to be specified explicitly using 'hibernate.dialect' (remove the property setting and it will be selected by default)
2024-06-21 17:08:09.043 [restartedMain] INFO  o.h.e.t.j.p.i.JtaPlatformInitiator - HHH000489: No JTA platform available (set 'hibernate.transaction.jta.platform' to enable JTA platform integration)
2024-06-21 17:08:09.181 [restartedMain] INFO  o.s.o.j.LocalContainerEntityManagerFactoryBean - Initialized JPA EntityManagerFactory for persistence unit 'default'
2024-06-21 17:08:10.191 [restartedMain] WARN  o.s.b.a.o.j.JpaBaseConfiguration$JpaWebConfiguration - spring.jpa.open-in-view is enabled by default. Therefore, database queries may be performed during view rendering. Explicitly configure spring.jpa.open-in-view to disable this warning
2024-06-21 17:08:10.232 [restartedMain] INFO  o.s.s.c.a.a.c.InitializeUserDetailsBeanManagerConfigurer$InitializeUserDetailsManagerConfigurer - Global AuthenticationManager configured with UserDetailsService bean with name userDetailsService
2024-06-21 17:08:10.833 [restartedMain] INFO  o.s.b.a.e.web.EndpointLinksResolver - Exposing 15 endpoints beneath base path '/actuator'
2024-06-21 17:08:10.965 [restartedMain] INFO  o.s.s.web.DefaultSecurityFilterChain - Will secure any request with [org.springframework.security.web.session.DisableEncodeUrlFilter@43e2d122, org.springframework.security.web.context.request.async.WebAsyncManagerIntegrationFilter@7a73b893, org.springframework.security.web.context.SecurityContextHolderFilter@3894eae1, org.springframework.security.web.header.HeaderWriterFilter@5f3960f0, org.springframework.web.filter.CorsFilter@3c42774b, org.springframework.security.web.authentication.logout.LogoutFilter@22dc99d1, org.springframework.security.web.authentication.www.BasicAuthenticationFilter@23262b1d, org.springframework.security.web.savedrequest.RequestCacheAwareFilter@5eb2b965, org.springframework.security.web.servletapi.SecurityContextHolderAwareRequestFilter@7817c747, org.springframework.security.web.authentication.AnonymousAuthenticationFilter@1e58d690, org.springframework.security.web.access.ExceptionTranslationFilter@2bb20fa, org.springframework.security.web.access.intercept.AuthorizationFilter@447dc7e5]
2024-06-21 17:08:11.631 [restartedMain] INFO  o.s.b.d.a.OptionalLiveReloadServer - LiveReload server is running on port 35729
2024-06-21 17:08:11.701 [restartedMain] INFO  o.a.coyote.http11.Http11NioProtocol - Starting ProtocolHandler ["http-nio-8080"]
2024-06-21 17:08:11.716 [restartedMain] INFO  o.s.b.w.e.tomcat.TomcatWebServer - Tomcat started on port 8080 (http) with context path '/'
2024-06-21 17:08:11.732 [restartedMain] INFO  e.c.ClassTrackSpringBootRestApiApplication - Started ClassTrackSpringBootRestApiApplication in 8.397 seconds (process running for 9.925)
2024-06-21 17:08:11.972 [registrationTask1] INFO  d.c.b.a.c.r.ApplicationRegistrator - Application registered itself as 34fecff80a31
2024-06-21 17:08:12.303 [RMI TCP Connection(2)-192.168.0.102] INFO  o.a.c.c.C.[Tomcat].[localhost].[/] - Initializing Spring DispatcherServlet 'dispatcherServlet'
2024-06-21 17:08:12.303 [RMI TCP Connection(2)-192.168.0.102] INFO  o.s.web.servlet.DispatcherServlet - Initializing Servlet 'dispatcherServlet'
2024-06-21 17:08:12.307 [RMI TCP Connection(2)-192.168.0.102] INFO  o.s.web.servlet.DispatcherServlet - Completed initialization in 4 ms
2024-06-21 17:09:30.222 [File Watcher] INFO  o.s.b.d.a.LocalDevToolsAutoConfiguration$RestartingClassPathChangeChangedEventListener - Restarting due to 1 class path change (0 additions, 1 deletion, 0 modifications)
2024-06-21 17:09:30.230 [Thread-5] INFO  o.a.coyote.http11.Http11NioProtocol - Stopping ProtocolHandler ["http-nio-8080"]
2024-06-21 17:09:30.244 [Thread-5] INFO  o.s.o.j.LocalContainerEntityManagerFactoryBean - Closing JPA EntityManagerFactory for persistence unit 'default'
2024-06-21 17:09:30.255 [Thread-5] WARN  o.s.b.f.s.DisposableBeanAdapter - Invocation of destroy method failed on bean with name 'inMemoryDatabaseShutdownExecutor': org.h2.jdbc.JdbcSQLNonTransientConnectionException: Database is already closed (to disable automatic closing at VM shutdown, add ";DB_CLOSE_ON_EXIT=FALSE" to the db URL) [90121-224]
2024-06-21 17:09:30.256 [Thread-5] INFO  com.zaxxer.hikari.HikariDataSource - HikariPool-1 - Shutdown initiated...
2024-06-21 17:09:30.261 [Thread-5] INFO  com.zaxxer.hikari.HikariDataSource - HikariPool-1 - Shutdown completed.
2024-06-21 17:09:30.433 [restartedMain] INFO  e.c.ClassTrackSpringBootRestApiApplication - Starting ClassTrackSpringBootRestApiApplication using Java 21.0.2 with PID 8968 (I:\GITHUB\Projects\ClassTrack-SpringBoot-RestAPI\target\classes started by biraj in I:\GITHUB\Projects\ClassTrack-SpringBoot-RestAPI)
2024-06-21 17:09:30.433 [restartedMain] INFO  e.c.ClassTrackSpringBootRestApiApplication - No active profile set, falling back to 1 default profile: "default"
2024-06-21 17:09:31.132 [restartedMain] INFO  o.s.d.r.c.RepositoryConfigurationDelegate - Bootstrapping Spring Data JPA repositories in DEFAULT mode.
2024-06-21 17:09:31.196 [restartedMain] INFO  o.s.d.r.c.RepositoryConfigurationDelegate - Finished Spring Data repository scanning in 64 ms. Found 7 JPA repository interfaces.
2024-06-21 17:09:31.495 [restartedMain] INFO  o.s.b.w.e.tomcat.TomcatWebServer - Tomcat initialized with port 8080 (http)
2024-06-21 17:09:31.496 [restartedMain] INFO  o.a.coyote.http11.Http11NioProtocol - Initializing ProtocolHandler ["http-nio-8080"]
2024-06-21 17:09:31.497 [restartedMain] INFO  o.a.catalina.core.StandardService - Starting service [Tomcat]
2024-06-21 17:09:31.497 [restartedMain] INFO  o.a.catalina.core.StandardEngine - Starting Servlet engine: [Apache Tomcat/10.1.24]
2024-06-21 17:09:31.528 [restartedMain] INFO  o.a.c.c.C.[Tomcat].[localhost].[/] - Initializing Spring embedded WebApplicationContext
2024-06-21 17:09:31.528 [restartedMain] INFO  o.s.b.w.s.c.ServletWebServerApplicationContext - Root WebApplicationContext: initialization completed in 1092 ms
2024-06-21 17:09:31.633 [restartedMain] INFO  com.zaxxer.hikari.HikariDataSource - HikariPool-2 - Starting...
2024-06-21 17:09:31.636 [restartedMain] INFO  com.zaxxer.hikari.pool.HikariPool - HikariPool-2 - Added connection conn10: url=jdbc:h2:mem:classtrack user=SA
2024-06-21 17:09:31.636 [restartedMain] INFO  com.zaxxer.hikari.HikariDataSource - HikariPool-2 - Start completed.
2024-06-21 17:09:31.636 [restartedMain] INFO  o.s.b.a.h.H2ConsoleAutoConfiguration - H2 console available at '/h2-console'. Database available at 'jdbc:h2:mem:classtrack'
2024-06-21 17:09:31.864 [restartedMain] INFO  o.h.jpa.internal.util.LogHelper - HHH000204: Processing PersistenceUnitInfo [name: default]
2024-06-21 17:09:31.869 [restartedMain] INFO  o.h.c.i.RegionFactoryInitiator - HHH000026: Second-level cache disabled
2024-06-21 17:09:31.890 [restartedMain] INFO  o.s.o.j.p.SpringPersistenceUnitInfo - No LoadTimeWeaver setup: ignoring JPA class transformer
2024-06-21 17:09:31.898 [restartedMain] WARN  org.hibernate.orm.deprecation - HHH90000025: H2Dialect does not need to be specified explicitly using 'hibernate.dialect' (remove the property setting and it will be selected by default)
2024-06-21 17:09:32.176 [restartedMain] INFO  o.h.e.t.j.p.i.JtaPlatformInitiator - HHH000489: No JTA platform available (set 'hibernate.transaction.jta.platform' to enable JTA platform integration)
2024-06-21 17:09:32.262 [restartedMain] INFO  o.s.o.j.LocalContainerEntityManagerFactoryBean - Initialized JPA EntityManagerFactory for persistence unit 'default'
2024-06-21 17:09:33.098 [restartedMain] WARN  o.s.b.a.o.j.JpaBaseConfiguration$JpaWebConfiguration - spring.jpa.open-in-view is enabled by default. Therefore, database queries may be performed during view rendering. Explicitly configure spring.jpa.open-in-view to disable this warning
2024-06-21 17:09:34.263 [restartedMain] INFO  o.s.s.c.a.a.c.InitializeUserDetailsBeanManagerConfigurer$InitializeUserDetailsManagerConfigurer - Global AuthenticationManager configured with UserDetailsService bean with name userDetailsService
2024-06-21 17:09:34.316 [restartedMain] INFO  o.s.b.a.e.web.EndpointLinksResolver - Exposing 15 endpoints beneath base path '/actuator'
2024-06-21 17:09:34.347 [restartedMain] INFO  o.s.s.web.DefaultSecurityFilterChain - Will secure any request with [org.springframework.security.web.session.DisableEncodeUrlFilter@6b96fc7f, org.springframework.security.web.context.request.async.WebAsyncManagerIntegrationFilter@7fca620f, org.springframework.security.web.context.SecurityContextHolderFilter@5dda988c, org.springframework.security.web.header.HeaderWriterFilter@6cd4cb72, org.springframework.web.filter.CorsFilter@45194dd7, org.springframework.security.web.csrf.CsrfFilter@2fbc0eda, org.springframework.security.web.authentication.logout.LogoutFilter@636e8d5, org.springframework.security.web.authentication.UsernamePasswordAuthenticationFilter@487af4cd, org.springframework.security.web.authentication.ui.DefaultLoginPageGeneratingFilter@20b1bdc3, org.springframework.security.web.authentication.ui.DefaultLogoutPageGeneratingFilter@4161eabc, org.springframework.security.web.authentication.www.BasicAuthenticationFilter@4d20349, org.springframework.security.web.savedrequest.RequestCacheAwareFilter@78dc593f, org.springframework.security.web.servletapi.SecurityContextHolderAwareRequestFilter@7bd2cb8, org.springframework.security.web.authentication.AnonymousAuthenticationFilter@1d4883eb, org.springframework.security.web.access.ExceptionTranslationFilter@23e95404, org.springframework.security.web.access.intercept.AuthorizationFilter@4997bb]
2024-06-21 17:09:34.445 [restartedMain] INFO  o.s.b.d.a.OptionalLiveReloadServer - LiveReload server is running on port 35729
2024-06-21 17:09:34.477 [restartedMain] INFO  o.a.coyote.http11.Http11NioProtocol - Starting ProtocolHandler ["http-nio-8080"]
2024-06-21 17:09:34.480 [restartedMain] INFO  o.s.b.w.e.tomcat.TomcatWebServer - Tomcat started on port 8080 (http) with context path '/'
2024-06-21 17:09:34.492 [restartedMain] INFO  e.c.ClassTrackSpringBootRestApiApplication - Started ClassTrackSpringBootRestApiApplication in 4.096 seconds (process running for 92.685)
2024-06-21 17:09:34.498 [restartedMain] INFO  o.s.b.d.a.ConditionEvaluationDeltaLoggingListener - Condition evaluation delta:


==========================
CONDITION EVALUATION DELTA
==========================


Positive matches:
-----------------

   ManagementWebSecurityAutoConfiguration matched:
      - found 'session' scope (OnWebApplicationCondition)
      - AllNestedConditions 2 matched 0 did not; NestedCondition on DefaultWebSecurityCondition.Beans @ConditionalOnMissingBean (types: org.springframework.security.web.SecurityFilterChain; SearchStrategy: all) did not find any beans; NestedCondition on DefaultWebSecurityCondition.Classes @ConditionalOnClass found required classes 'org.springframework.security.web.SecurityFilterChain', 'org.springframework.security.config.annotation.web.builders.HttpSecurity' (DefaultWebSecurityCondition)

   SpringBootWebSecurityConfiguration.WebSecurityEnablerConfiguration matched:
      - @ConditionalOnClass found required class 'org.springframework.security.config.annotation.web.configuration.EnableWebSecurity' (OnClassCondition)
      - @ConditionalOnMissingBean (names: springSecurityFilterChain; SearchStrategy: all) did not find any beans (OnBeanCondition)


Negative matches:
-----------------

    None


Exclusions:
-----------

    None


Unconditional classes:
----------------------

    None



2024-06-21 17:09:34.519 [http-nio-8080-exec-1] INFO  o.a.c.c.C.[Tomcat].[localhost].[/] - Initializing Spring DispatcherServlet 'dispatcherServlet'
2024-06-21 17:09:34.520 [http-nio-8080-exec-1] INFO  o.s.web.servlet.DispatcherServlet - Initializing Servlet 'dispatcherServlet'
2024-06-21 17:09:34.521 [registrationTask1] INFO  d.c.b.a.c.r.ApplicationRegistrator - Application registered itself as 34fecff80a31
2024-06-21 17:09:34.523 [http-nio-8080-exec-1] INFO  o.s.web.servlet.DispatcherServlet - Completed initialization in 3 ms
2024-06-21 17:09:35.889 [File Watcher] INFO  o.s.b.d.a.LocalDevToolsAutoConfiguration$RestartingClassPathChangeChangedEventListener - Restarting due to 1 class path change (1 addition, 0 deletions, 0 modifications)
2024-06-21 17:09:35.891 [Thread-7] INFO  o.a.coyote.http11.Http11NioProtocol - Stopping ProtocolHandler ["http-nio-8080"]
2024-06-21 17:09:35.904 [Thread-7] INFO  o.s.o.j.LocalContainerEntityManagerFactoryBean - Closing JPA EntityManagerFactory for persistence unit 'default'
2024-06-21 17:09:35.905 [Thread-7] WARN  o.s.b.f.s.DisposableBeanAdapter - Invocation of destroy method failed on bean with name 'inMemoryDatabaseShutdownExecutor': org.h2.jdbc.JdbcSQLNonTransientConnectionException: Database is already closed (to disable automatic closing at VM shutdown, add ";DB_CLOSE_ON_EXIT=FALSE" to the db URL) [90121-224]
2024-06-21 17:09:35.906 [Thread-7] INFO  com.zaxxer.hikari.HikariDataSource - HikariPool-2 - Shutdown initiated...
2024-06-21 17:09:35.911 [Thread-7] INFO  com.zaxxer.hikari.HikariDataSource - HikariPool-2 - Shutdown completed.
2024-06-21 17:09:36.124 [restartedMain] INFO  e.c.ClassTrackSpringBootRestApiApplication - Starting ClassTrackSpringBootRestApiApplication using Java 21.0.2 with PID 8968 (I:\GITHUB\Projects\ClassTrack-SpringBoot-RestAPI\target\classes started by biraj in I:\GITHUB\Projects\ClassTrack-SpringBoot-RestAPI)
2024-06-21 17:09:36.125 [restartedMain] INFO  e.c.ClassTrackSpringBootRestApiApplication - No active profile set, falling back to 1 default profile: "default"
2024-06-21 17:09:36.452 [restartedMain] INFO  o.s.d.r.c.RepositoryConfigurationDelegate - Bootstrapping Spring Data JPA repositories in DEFAULT mode.
2024-06-21 17:09:36.474 [restartedMain] INFO  o.s.d.r.c.RepositoryConfigurationDelegate - Finished Spring Data repository scanning in 21 ms. Found 7 JPA repository interfaces.
2024-06-21 17:09:36.666 [restartedMain] INFO  o.s.b.w.e.tomcat.TomcatWebServer - Tomcat initialized with port 8080 (http)
2024-06-21 17:09:36.667 [restartedMain] INFO  o.a.coyote.http11.Http11NioProtocol - Initializing ProtocolHandler ["http-nio-8080"]
2024-06-21 17:09:36.667 [restartedMain] INFO  o.a.catalina.core.StandardService - Starting service [Tomcat]
2024-06-21 17:09:36.667 [restartedMain] INFO  o.a.catalina.core.StandardEngine - Starting Servlet engine: [Apache Tomcat/10.1.24]
2024-06-21 17:09:36.682 [restartedMain] INFO  o.a.c.c.C.[Tomcat].[localhost].[/] - Initializing Spring embedded WebApplicationContext
2024-06-21 17:09:36.682 [restartedMain] INFO  o.s.b.w.s.c.ServletWebServerApplicationContext - Root WebApplicationContext: initialization completed in 556 ms
2024-06-21 17:09:36.756 [restartedMain] INFO  com.zaxxer.hikari.HikariDataSource - HikariPool-3 - Starting...
2024-06-21 17:09:36.757 [restartedMain] INFO  com.zaxxer.hikari.pool.HikariPool - HikariPool-3 - Added connection conn20: url=jdbc:h2:mem:classtrack user=SA
2024-06-21 17:09:36.757 [restartedMain] INFO  com.zaxxer.hikari.HikariDataSource - HikariPool-3 - Start completed.
2024-06-21 17:09:36.758 [restartedMain] INFO  o.s.b.a.h.H2ConsoleAutoConfiguration - H2 console available at '/h2-console'. Database available at 'jdbc:h2:mem:classtrack'
2024-06-21 17:09:36.848 [restartedMain] INFO  o.h.jpa.internal.util.LogHelper - HHH000204: Processing PersistenceUnitInfo [name: default]
2024-06-21 17:09:36.850 [restartedMain] INFO  o.h.c.i.RegionFactoryInitiator - HHH000026: Second-level cache disabled
2024-06-21 17:09:36.855 [restartedMain] INFO  o.s.o.j.p.SpringPersistenceUnitInfo - No LoadTimeWeaver setup: ignoring JPA class transformer
2024-06-21 17:09:36.856 [restartedMain] WARN  org.hibernate.orm.deprecation - HHH90000025: H2Dialect does not need to be specified explicitly using 'hibernate.dialect' (remove the property setting and it will be selected by default)
2024-06-21 17:09:36.948 [restartedMain] INFO  o.h.e.t.j.p.i.JtaPlatformInitiator - HHH000489: No JTA platform available (set 'hibernate.transaction.jta.platform' to enable JTA platform integration)
2024-06-21 17:09:36.975 [restartedMain] INFO  o.s.o.j.LocalContainerEntityManagerFactoryBean - Initialized JPA EntityManagerFactory for persistence unit 'default'
2024-06-21 17:09:37.543 [restartedMain] WARN  o.s.b.a.o.j.JpaBaseConfiguration$JpaWebConfiguration - spring.jpa.open-in-view is enabled by default. Therefore, database queries may be performed during view rendering. Explicitly configure spring.jpa.open-in-view to disable this warning
2024-06-21 17:09:37.567 [restartedMain] INFO  o.s.s.c.a.a.c.InitializeUserDetailsBeanManagerConfigurer$InitializeUserDetailsManagerConfigurer - Global AuthenticationManager configured with UserDetailsService bean with name userDetailsService
2024-06-21 17:09:37.847 [restartedMain] INFO  o.s.b.a.e.web.EndpointLinksResolver - Exposing 15 endpoints beneath base path '/actuator'
2024-06-21 17:09:37.913 [restartedMain] INFO  o.s.s.web.DefaultSecurityFilterChain - Will secure any request with [org.springframework.security.web.session.DisableEncodeUrlFilter@3b75847a, org.springframework.security.web.context.request.async.WebAsyncManagerIntegrationFilter@508b24cc, org.springframework.security.web.context.SecurityContextHolderFilter@1db7c2a4, org.springframework.security.web.header.HeaderWriterFilter@60391287, org.springframework.web.filter.CorsFilter@3d0ea851, org.springframework.security.web.authentication.logout.LogoutFilter@3af25c69, org.springframework.security.web.authentication.www.BasicAuthenticationFilter@788262ea, org.springframework.security.web.savedrequest.RequestCacheAwareFilter@16f9318b, org.springframework.security.web.servletapi.SecurityContextHolderAwareRequestFilter@af0e8fa, org.springframework.security.web.authentication.AnonymousAuthenticationFilter@28618569, org.springframework.security.web.access.ExceptionTranslationFilter@252b27e2, org.springframework.security.web.access.intercept.AuthorizationFilter@42510058]
2024-06-21 17:09:38.276 [restartedMain] INFO  o.s.b.d.a.OptionalLiveReloadServer - LiveReload server is running on port 35729
2024-06-21 17:09:38.313 [restartedMain] INFO  o.a.coyote.http11.Http11NioProtocol - Starting ProtocolHandler ["http-nio-8080"]
2024-06-21 17:09:38.315 [restartedMain] INFO  o.s.b.w.e.tomcat.TomcatWebServer - Tomcat started on port 8080 (http) with context path '/'
2024-06-21 17:09:38.328 [restartedMain] INFO  e.c.ClassTrackSpringBootRestApiApplication - Started ClassTrackSpringBootRestApiApplication in 2.242 seconds (process running for 96.521)
2024-06-21 17:09:38.332 [restartedMain] INFO  o.s.b.d.a.ConditionEvaluationDeltaLoggingListener - Condition evaluation delta:


==========================
CONDITION EVALUATION DELTA
==========================


Positive matches:
-----------------

    None


Negative matches:
-----------------

   ManagementWebSecurityAutoConfiguration:
      Did not match:
         - AllNestedConditions 1 matched 1 did not; NestedCondition on DefaultWebSecurityCondition.Beans @ConditionalOnMissingBean (types: org.springframework.security.web.SecurityFilterChain; SearchStrategy: all) found beans of type 'org.springframework.security.web.SecurityFilterChain' securityFilterChain; NestedCondition on DefaultWebSecurityCondition.Classes @ConditionalOnClass found required classes 'org.springframework.security.web.SecurityFilterChain', 'org.springframework.security.config.annotation.web.builders.HttpSecurity' (DefaultWebSecurityCondition)
      Matched:
         - found 'session' scope (OnWebApplicationCondition)

   SpringBootWebSecurityConfiguration.WebSecurityEnablerConfiguration:
      Did not match:
         - @ConditionalOnMissingBean (names: springSecurityFilterChain; SearchStrategy: all) found beans named springSecurityFilterChain (OnBeanCondition)
      Matched:
         - @ConditionalOnClass found required class 'org.springframework.security.config.annotation.web.configuration.EnableWebSecurity' (OnClassCondition)


Exclusions:
-----------

    None


Unconditional classes:
----------------------

    None



2024-06-21 17:09:38.350 [registrationTask1] INFO  d.c.b.a.c.r.ApplicationRegistrator - Application registered itself as 34fecff80a31
2024-06-21 17:09:38.350 [http-nio-8080-exec-1] INFO  o.a.c.c.C.[Tomcat].[localhost].[/] - Initializing Spring DispatcherServlet 'dispatcherServlet'
2024-06-21 17:09:38.350 [http-nio-8080-exec-1] INFO  o.s.web.servlet.DispatcherServlet - Initializing Servlet 'dispatcherServlet'
2024-06-21 17:09:38.352 [http-nio-8080-exec-1] INFO  o.s.web.servlet.DispatcherServlet - Completed initialization in 2 ms
2024-06-21 17:19:27.323 [File Watcher] INFO  o.s.b.d.a.LocalDevToolsAutoConfiguration$RestartingClassPathChangeChangedEventListener - Restarting due to 1 class path change (0 additions, 0 deletions, 1 modification)
2024-06-21 17:19:27.325 [Thread-12] INFO  o.a.coyote.http11.Http11NioProtocol - Stopping ProtocolHandler ["http-nio-8080"]
2024-06-21 17:19:27.330 [Thread-12] INFO  o.s.o.j.LocalContainerEntityManagerFactoryBean - Closing JPA EntityManagerFactory for persistence unit 'default'
2024-06-21 17:19:27.331 [Thread-12] WARN  o.s.b.f.s.DisposableBeanAdapter - Invocation of destroy method failed on bean with name 'inMemoryDatabaseShutdownExecutor': org.h2.jdbc.JdbcSQLNonTransientConnectionException: Database is already closed (to disable automatic closing at VM shutdown, add ";DB_CLOSE_ON_EXIT=FALSE" to the db URL) [90121-224]
2024-06-21 17:19:27.332 [Thread-12] INFO  com.zaxxer.hikari.HikariDataSource - HikariPool-3 - Shutdown initiated...
2024-06-21 17:19:27.335 [Thread-12] INFO  com.zaxxer.hikari.HikariDataSource - HikariPool-3 - Shutdown completed.
2024-06-21 17:19:27.491 [restartedMain] INFO  e.c.ClassTrackSpringBootRestApiApplication - Starting ClassTrackSpringBootRestApiApplication using Java 21.0.2 with PID 8968 (I:\GITHUB\Projects\ClassTrack-SpringBoot-RestAPI\target\classes started by biraj in I:\GITHUB\Projects\ClassTrack-SpringBoot-RestAPI)
2024-06-21 17:19:27.491 [restartedMain] INFO  e.c.ClassTrackSpringBootRestApiApplication - No active profile set, falling back to 1 default profile: "default"
2024-06-21 17:19:28.078 [restartedMain] INFO  o.s.d.r.c.RepositoryConfigurationDelegate - Bootstrapping Spring Data JPA repositories in DEFAULT mode.
2024-06-21 17:19:28.100 [restartedMain] INFO  o.s.d.r.c.RepositoryConfigurationDelegate - Finished Spring Data repository scanning in 21 ms. Found 7 JPA repository interfaces.
2024-06-21 17:19:28.353 [restartedMain] INFO  o.s.b.w.e.tomcat.TomcatWebServer - Tomcat initialized with port 8080 (http)
2024-06-21 17:19:28.355 [restartedMain] INFO  o.a.coyote.http11.Http11NioProtocol - Initializing ProtocolHandler ["http-nio-8080"]
2024-06-21 17:19:28.355 [restartedMain] INFO  o.a.catalina.core.StandardService - Starting service [Tomcat]
2024-06-21 17:19:28.355 [restartedMain] INFO  o.a.catalina.core.StandardEngine - Starting Servlet engine: [Apache Tomcat/10.1.24]
2024-06-21 17:19:28.370 [restartedMain] INFO  o.a.c.c.C.[Tomcat].[localhost].[/] - Initializing Spring embedded WebApplicationContext
2024-06-21 17:19:28.370 [restartedMain] INFO  o.s.b.w.s.c.ServletWebServerApplicationContext - Root WebApplicationContext: initialization completed in 876 ms
2024-06-21 17:19:28.441 [restartedMain] INFO  com.zaxxer.hikari.HikariDataSource - HikariPool-4 - Starting...
2024-06-21 17:19:28.444 [restartedMain] INFO  com.zaxxer.hikari.pool.HikariPool - HikariPool-4 - Added connection conn30: url=jdbc:h2:mem:classtrack user=SA
2024-06-21 17:19:28.445 [restartedMain] INFO  com.zaxxer.hikari.HikariDataSource - HikariPool-4 - Start completed.
2024-06-21 17:19:28.445 [restartedMain] INFO  o.s.b.a.h.H2ConsoleAutoConfiguration - H2 console available at '/h2-console'. Database available at 'jdbc:h2:mem:classtrack'
2024-06-21 17:19:28.554 [restartedMain] INFO  o.h.jpa.internal.util.LogHelper - HHH000204: Processing PersistenceUnitInfo [name: default]
2024-06-21 17:19:28.557 [restartedMain] INFO  o.h.c.i.RegionFactoryInitiator - HHH000026: Second-level cache disabled
2024-06-21 17:19:28.569 [restartedMain] INFO  o.s.o.j.p.SpringPersistenceUnitInfo - No LoadTimeWeaver setup: ignoring JPA class transformer
2024-06-21 17:19:28.571 [restartedMain] WARN  org.hibernate.orm.deprecation - HHH90000025: H2Dialect does not need to be specified explicitly using 'hibernate.dialect' (remove the property setting and it will be selected by default)
2024-06-21 17:19:28.732 [restartedMain] INFO  o.h.e.t.j.p.i.JtaPlatformInitiator - HHH000489: No JTA platform available (set 'hibernate.transaction.jta.platform' to enable JTA platform integration)
2024-06-21 17:19:28.797 [restartedMain] INFO  o.s.o.j.LocalContainerEntityManagerFactoryBean - Initialized JPA EntityManagerFactory for persistence unit 'default'
2024-06-21 17:19:29.327 [restartedMain] WARN  o.s.b.a.o.j.JpaBaseConfiguration$JpaWebConfiguration - spring.jpa.open-in-view is enabled by default. Therefore, database queries may be performed during view rendering. Explicitly configure spring.jpa.open-in-view to disable this warning
2024-06-21 17:19:29.359 [restartedMain] INFO  o.s.s.c.a.a.c.InitializeUserDetailsBeanManagerConfigurer$InitializeUserDetailsManagerConfigurer - Global AuthenticationManager configured with UserDetailsService bean with name userDetailsService
2024-06-21 17:19:29.684 [restartedMain] INFO  o.s.b.a.e.web.EndpointLinksResolver - Exposing 15 endpoints beneath base path '/actuator'
2024-06-21 17:19:29.753 [restartedMain] INFO  o.s.s.web.DefaultSecurityFilterChain - Will secure any request with [org.springframework.security.web.session.DisableEncodeUrlFilter@41acc7d2, org.springframework.security.web.context.request.async.WebAsyncManagerIntegrationFilter@28ca802c, org.springframework.security.web.context.SecurityContextHolderFilter@311f4b39, org.springframework.security.web.header.HeaderWriterFilter@33f9b482, org.springframework.web.filter.CorsFilter@9800705, org.springframework.security.web.authentication.logout.LogoutFilter@66e2e7e6, org.springframework.security.web.authentication.www.BasicAuthenticationFilter@4c0e8280, org.springframework.security.web.savedrequest.RequestCacheAwareFilter@3b42ffcf, org.springframework.security.web.servletapi.SecurityContextHolderAwareRequestFilter@2a8900bd, org.springframework.security.web.authentication.AnonymousAuthenticationFilter@60720b65, org.springframework.security.web.access.ExceptionTranslationFilter@310c1db1, org.springframework.security.web.access.intercept.AuthorizationFilter@27cac022]
2024-06-21 17:19:30.175 [restartedMain] INFO  o.s.b.d.a.OptionalLiveReloadServer - LiveReload server is running on port 35729
2024-06-21 17:19:30.193 [restartedMain] INFO  o.a.coyote.http11.Http11NioProtocol - Starting ProtocolHandler ["http-nio-8080"]
2024-06-21 17:19:30.193 [restartedMain] INFO  o.s.b.w.e.tomcat.TomcatWebServer - Tomcat started on port 8080 (http) with context path '/'
2024-06-21 17:19:30.209 [restartedMain] INFO  e.c.ClassTrackSpringBootRestApiApplication - Started ClassTrackSpringBootRestApiApplication in 2.765 seconds (process running for 688.404)
2024-06-21 17:19:30.209 [restartedMain] INFO  o.s.b.d.a.ConditionEvaluationDeltaLoggingListener - Condition evaluation unchanged
2024-06-21 17:19:30.224 [http-nio-8080-exec-1] INFO  o.a.c.c.C.[Tomcat].[localhost].[/] - Initializing Spring DispatcherServlet 'dispatcherServlet'
2024-06-21 17:19:30.224 [http-nio-8080-exec-1] INFO  o.s.web.servlet.DispatcherServlet - Initializing Servlet 'dispatcherServlet'
2024-06-21 17:19:30.224 [registrationTask1] INFO  d.c.b.a.c.r.ApplicationRegistrator - Application registered itself as 34fecff80a31
2024-06-21 17:19:30.224 [http-nio-8080-exec-1] INFO  o.s.web.servlet.DispatcherServlet - Completed initialization in 0 ms
2024-06-21 17:20:21.694 [SpringApplicationShutdownHook] INFO  o.s.o.j.LocalContainerEntityManagerFactoryBean - Closing JPA EntityManagerFactory for persistence unit 'default'
2024-06-21 17:20:21.710 [SpringApplicationShutdownHook] WARN  o.s.b.f.s.DisposableBeanAdapter - Invocation of destroy method failed on bean with name 'inMemoryDatabaseShutdownExecutor': org.h2.jdbc.JdbcSQLNonTransientConnectionException: Database is already closed (to disable automatic closing at VM shutdown, add ";DB_CLOSE_ON_EXIT=FALSE" to the db URL) [90121-224]
2024-06-21 17:20:21.710 [SpringApplicationShutdownHook] INFO  com.zaxxer.hikari.HikariDataSource - HikariPool-4 - Shutdown initiated...
2024-06-21 17:20:21.710 [SpringApplicationShutdownHook] INFO  com.zaxxer.hikari.HikariDataSource - HikariPool-4 - Shutdown completed.
2024-06-21 17:20:25.163 [background-preinit] INFO  o.h.validator.internal.util.Version - HV000001: Hibernate Validator 8.0.1.Final
2024-06-21 17:20:25.206 [restartedMain] INFO  e.c.ClassTrackSpringBootRestApiApplication - Starting ClassTrackSpringBootRestApiApplication using Java 21.0.2 with PID 9668 (I:\GITHUB\Projects\ClassTrack-SpringBoot-RestAPI\target\classes started by biraj in I:\GITHUB\Projects\ClassTrack-SpringBoot-RestAPI)
2024-06-21 17:20:25.207 [restartedMain] INFO  e.c.ClassTrackSpringBootRestApiApplication - No active profile set, falling back to 1 default profile: "default"
2024-06-21 17:20:25.264 [restartedMain] INFO  o.s.b.d.e.DevToolsPropertyDefaultsPostProcessor - Devtools property defaults active! Set 'spring.devtools.add-properties' to 'false' to disable
2024-06-21 17:20:25.265 [restartedMain] INFO  o.s.b.d.e.DevToolsPropertyDefaultsPostProcessor - For additional web related logging consider setting the 'logging.level.web' property to 'DEBUG'
2024-06-21 17:20:26.565 [restartedMain] INFO  o.s.d.r.c.RepositoryConfigurationDelegate - Bootstrapping Spring Data JPA repositories in DEFAULT mode.
2024-06-21 17:20:26.633 [restartedMain] INFO  o.s.d.r.c.RepositoryConfigurationDelegate - Finished Spring Data repository scanning in 62 ms. Found 7 JPA repository interfaces.
2024-06-21 17:20:27.541 [restartedMain] INFO  o.s.b.w.e.tomcat.TomcatWebServer - Tomcat initialized with port 8080 (http)
2024-06-21 17:20:27.552 [restartedMain] INFO  o.a.coyote.http11.Http11NioProtocol - Initializing ProtocolHandler ["http-nio-8080"]
2024-06-21 17:20:27.554 [restartedMain] INFO  o.a.catalina.core.StandardService - Starting service [Tomcat]
2024-06-21 17:20:27.554 [restartedMain] INFO  o.a.catalina.core.StandardEngine - Starting Servlet engine: [Apache Tomcat/10.1.24]
2024-06-21 17:20:27.611 [restartedMain] INFO  o.a.c.c.C.[Tomcat].[localhost].[/] - Initializing Spring embedded WebApplicationContext
2024-06-21 17:20:27.611 [restartedMain] INFO  o.s.b.w.s.c.ServletWebServerApplicationContext - Root WebApplicationContext: initialization completed in 2346 ms
2024-06-21 17:20:27.752 [restartedMain] INFO  com.zaxxer.hikari.HikariDataSource - HikariPool-1 - Starting...
2024-06-21 17:20:27.948 [restartedMain] INFO  com.zaxxer.hikari.pool.HikariPool - HikariPool-1 - Added connection conn0: url=jdbc:h2:mem:classtrack user=SA
2024-06-21 17:20:27.957 [restartedMain] INFO  com.zaxxer.hikari.HikariDataSource - HikariPool-1 - Start completed.
2024-06-21 17:20:27.967 [restartedMain] INFO  o.s.b.a.h.H2ConsoleAutoConfiguration - H2 console available at '/h2-console'. Database available at 'jdbc:h2:mem:classtrack'
2024-06-21 17:20:28.249 [restartedMain] INFO  o.h.jpa.internal.util.LogHelper - HHH000204: Processing PersistenceUnitInfo [name: default]
2024-06-21 17:20:28.319 [restartedMain] INFO  org.hibernate.Version - HHH000412: Hibernate ORM core version 6.5.2.Final
2024-06-21 17:20:28.357 [restartedMain] INFO  o.h.c.i.RegionFactoryInitiator - HHH000026: Second-level cache disabled
2024-06-21 17:20:28.670 [restartedMain] INFO  o.s.o.j.p.SpringPersistenceUnitInfo - No LoadTimeWeaver setup: ignoring JPA class transformer
2024-06-21 17:20:28.724 [restartedMain] WARN  org.hibernate.orm.deprecation - HHH90000025: H2Dialect does not need to be specified explicitly using 'hibernate.dialect' (remove the property setting and it will be selected by default)
2024-06-21 17:20:29.710 [restartedMain] INFO  o.h.e.t.j.p.i.JtaPlatformInitiator - HHH000489: No JTA platform available (set 'hibernate.transaction.jta.platform' to enable JTA platform integration)
2024-06-21 17:20:29.824 [restartedMain] INFO  o.s.o.j.LocalContainerEntityManagerFactoryBean - Initialized JPA EntityManagerFactory for persistence unit 'default'
2024-06-21 17:20:30.765 [restartedMain] WARN  o.s.b.a.o.j.JpaBaseConfiguration$JpaWebConfiguration - spring.jpa.open-in-view is enabled by default. Therefore, database queries may be performed during view rendering. Explicitly configure spring.jpa.open-in-view to disable this warning
2024-06-21 17:20:30.806 [restartedMain] INFO  o.s.s.c.a.a.c.InitializeUserDetailsBeanManagerConfigurer$InitializeUserDetailsManagerConfigurer - Global AuthenticationManager configured with UserDetailsService bean with name userDetailsService
2024-06-21 17:20:31.381 [restartedMain] INFO  o.s.b.a.e.web.EndpointLinksResolver - Exposing 15 endpoints beneath base path '/actuator'
2024-06-21 17:20:31.511 [restartedMain] INFO  o.s.s.web.DefaultSecurityFilterChain - Will secure any request with [org.springframework.security.web.session.DisableEncodeUrlFilter@1fd8848f, org.springframework.security.web.context.request.async.WebAsyncManagerIntegrationFilter@2c3dfc33, org.springframework.security.web.context.SecurityContextHolderFilter@7cd96277, org.springframework.security.web.header.HeaderWriterFilter@79e06972, org.springframework.web.filter.CorsFilter@d450a4e, org.springframework.security.web.authentication.logout.LogoutFilter@1c64d3da, org.springframework.security.web.authentication.www.BasicAuthenticationFilter@456378d2, org.springframework.security.web.savedrequest.RequestCacheAwareFilter@78036bbd, org.springframework.security.web.servletapi.SecurityContextHolderAwareRequestFilter@792207f8, org.springframework.security.web.authentication.AnonymousAuthenticationFilter@52357d3e, org.springframework.security.web.access.ExceptionTranslationFilter@200e90a3, org.springframework.security.web.access.intercept.AuthorizationFilter@5cfbdab8]
2024-06-21 17:20:32.513 [restartedMain] INFO  o.s.b.d.a.OptionalLiveReloadServer - LiveReload server is running on port 35729
2024-06-21 17:20:32.600 [restartedMain] INFO  o.a.coyote.http11.Http11NioProtocol - Starting ProtocolHandler ["http-nio-8080"]
2024-06-21 17:20:32.613 [restartedMain] INFO  o.s.b.w.e.tomcat.TomcatWebServer - Tomcat started on port 8080 (http) with context path '/'
2024-06-21 17:20:32.627 [restartedMain] INFO  e.c.ClassTrackSpringBootRestApiApplication - Started ClassTrackSpringBootRestApiApplication in 7.902 seconds (process running for 9.131)
2024-06-21 17:20:32.739 [registrationTask1] INFO  d.c.b.a.c.r.ApplicationRegistrator - Application registered itself as 34fecff80a31
2024-06-21 17:20:32.773 [http-nio-8080-exec-2] INFO  o.a.c.c.C.[Tomcat].[localhost].[/] - Initializing Spring DispatcherServlet 'dispatcherServlet'
2024-06-21 17:20:32.773 [http-nio-8080-exec-2] INFO  o.s.web.servlet.DispatcherServlet - Initializing Servlet 'dispatcherServlet'
2024-06-21 17:20:32.775 [http-nio-8080-exec-2] INFO  o.s.web.servlet.DispatcherServlet - Completed initialization in 1 ms
2024-06-21 17:28:31.835 [SpringApplicationShutdownHook] INFO  o.s.o.j.LocalContainerEntityManagerFactoryBean - Closing JPA EntityManagerFactory for persistence unit 'default'
2024-06-21 17:28:31.835 [SpringApplicationShutdownHook] WARN  o.s.b.f.s.DisposableBeanAdapter - Invocation of destroy method failed on bean with name 'inMemoryDatabaseShutdownExecutor': org.h2.jdbc.JdbcSQLNonTransientConnectionException: Database is already closed (to disable automatic closing at VM shutdown, add ";DB_CLOSE_ON_EXIT=FALSE" to the db URL) [90121-224]
2024-06-21 17:28:31.835 [SpringApplicationShutdownHook] INFO  com.zaxxer.hikari.HikariDataSource - HikariPool-1 - Shutdown initiated...
2024-06-21 17:28:31.835 [SpringApplicationShutdownHook] INFO  com.zaxxer.hikari.HikariDataSource - HikariPool-1 - Shutdown completed.
